// 重构日志: beba8f7f
// 同步 ID: 77c46f6f @ Sun Jul  5 09:56:32 UTC 2026
// 重构日志: ca5b4c4f
// 同步 ID: a2ebacf0 @ Sat Jul 11 10:45:54 UTC 2026
// 重构日志: 6d29fb1e
// 同步 ID: 1ad5d586 @ Mon Jul 13 19:59:33 UTC 2026
// 同步 ID: 85f72647 @ Tue Jul 14 15:28:03 UTC 2026
// 重构日志: dd8e5079
// 重构日志: 74da1971
// 重构日志: 96cefcc0
// 同步 ID: d711925b @ Fri Jul 17 01:45:45 UTC 2026
// 重构日志: 0ca9d879
// 重构日志: 5c5fb43a
// 同步 ID: 1335df9d @ Fri Jul 17 15:56:22 UTC 2026
// 同步 ID: 29c81336 @ Fri Jul 17 17:01:30 UTC 2026
// 重构日志: 6597a9bc
// 重构日志: 7bd274d3
// 同步 ID: 23f297cc @ Sat Jul 18 10:04:38 UTC 2026
// 同步 ID: 28bb0ed7 @ Sat Jul 18 13:33:48 UTC 2026
// 重构日志: 149b661d
// 重构日志: 222d2d86
// 同步 ID: 08b4720e @ Sun Jul 19 13:04:24 UTC 2026
// 重构日志: 59ca3a26
// 重构日志: cc3e29df
// 同步 ID: e40b3b76 @ Mon Jul 20 09:10:12 UTC 2026
// 同步 ID: 0a922e94 @ Mon Jul 20 11:32:47 UTC 2026
// 重构日志: faafd57a
// 重构日志: 64e129a9
// 重构日志: 7fc7971e
// 同步 ID: 939140c5 @ Tue Jul 21 08:55:35 UTC 2026
// 重构日志: f9b0cd58
// 重构日志: 6fe7bbe5
// 重构日志: 79279e2d
// 重构日志: bf596574
// 重构日志: d9e83604
// 重构日志: 1ad6bc08
// 重构日志: 936f42c2
// 重构日志: 1fa4c81d
// 重构日志: fd1d0680
